<?xml version="1.0" encoding="UTF-8"?>
<!-- Generated by org.testng.reporters.JUnitXMLReporter -->
<testsuite hostname="DESKTOP-CG9G5TL" ignored="0" name="Default test" tests="3" failures="0" timestamp="2019-11-19T23:22:31 IST" time="95.787" errors="0">
  <testcase name="test1" time="0.556" classname="com.testNg.demo.TestClass"/>
  <testcase name="test2" time="0.002" classname="com.testNg.demo.TestClass"/>
  <testcase name="test3" time="0.002" classname="com.testNg.demo.TestClass"/>
</testsuite> <!-- Default test -->
