<?xml version="1.0" encoding="UTF-8"?>
<!-- Generated by org.testng.reporters.JUnitXMLReporter -->
<testsuite hostname="DESKTOP-CG9G5TL" ignored="0" name="Test" tests="3" failures="0" timestamp="2019-11-19T23:18:12 IST" time="0.094" errors="0">
  <testcase name="test1" time="0.009" classname="com.testNg.demo.Groping"/>
  <testcase name="test2" time="0.003" classname="com.testNg.demo.Groping"/>
  <testcase name="test3" time="0.002" classname="com.testNg.demo.Groping"/>
</testsuite> <!-- Test -->
