<?xml version="1.0" encoding="UTF-8"?>
<testng-results skipped="0" failed="0" ignored="0" total="3" passed="3">
  <reporter-output>
  </reporter-output>
  <suite name="Default suite" duration-ms="95787" started-at="2019-11-19T23:20:37 IST" finished-at="2019-11-19T23:22:13 IST">
    <groups>
    </groups>
    <test name="Default test" duration-ms="95787" started-at="2019-11-19T23:20:37 IST" finished-at="2019-11-19T23:22:13 IST">
      <class name="com.testNg.demo.TestClass">
        <test-method status="PASS" signature="pre()[pri:0, instance:com.testNg.demo.TestClass@69a10787]" name="pre" is-config="true" duration-ms="94072" started-at="2019-11-19T23:20:37 IST" finished-at="2019-11-19T23:22:12 IST">
          <reporter-output>
          </reporter-output>
        </test-method> <!-- pre -->
        <test-method status="PASS" signature="test1()[pri:0, instance:com.testNg.demo.TestClass@69a10787]" name="test1" duration-ms="556" started-at="2019-11-19T23:22:13 IST" finished-at="2019-11-19T23:22:13 IST">
          <reporter-output>
          </reporter-output>
        </test-method> <!-- test1 -->
        <test-method status="PASS" signature="test2()[pri:0, instance:com.testNg.demo.TestClass@69a10787]" name="test2" duration-ms="2" started-at="2019-11-19T23:22:13 IST" finished-at="2019-11-19T23:22:13 IST">
          <reporter-output>
          </reporter-output>
        </test-method> <!-- test2 -->
        <test-method status="PASS" signature="test3()[pri:0, instance:com.testNg.demo.TestClass@69a10787]" name="test3" duration-ms="2" started-at="2019-11-19T23:22:13 IST" finished-at="2019-11-19T23:22:13 IST">
          <reporter-output>
          </reporter-output>
        </test-method> <!-- test3 -->
        <test-method status="PASS" signature="post()[pri:0, instance:com.testNg.demo.TestClass@69a10787]" name="post" is-config="true" duration-ms="0" started-at="2019-11-19T23:22:13 IST" finished-at="2019-11-19T23:22:13 IST">
          <reporter-output>
          </reporter-output>
        </test-method> <!-- post -->
      </class> <!-- com.testNg.demo.TestClass -->
    </test> <!-- Default test -->
  </suite> <!-- Default suite -->
</testng-results>
