<?xml version="1.0" encoding="UTF-8"?>
<!-- Generated by org.testng.reporters.JUnitXMLReporter -->
<testsuite hostname="DESKTOP-CG9G5TL" ignored="0" name="Test1" tests="3" failures="0" timestamp="2019-11-19T22:24:32 IST" time="0.135" errors="0">
  <testcase name="test1" time="0.023" classname="com.testNg.demo.TestSuite"/>
  <testcase name="test3" time="0.021" classname="com.testNg.demo.TestSuite"/>
  <testcase name="test2" time="0.027" classname="com.testNg.demo.TestSuite"/>
</testsuite> <!-- Test1 -->
